---
layout: forums
title: 'Solved - Timed out waiting for plugin to be compiled (space in path)'
breadcrumbs:
 - "Game Discussion": "/categories/game-discussion.106/"
 - "Rust Discussion": "/forums/rust-discussion.23/"
---
<div class="titleBar">
    <h1>
        <span class="prefix prefixGreen">Solved</span> <a href="{{ '/threads/timed-out-waiting-for-plugin-to-be-compiled-space-in-path.24032/' | prepend: site.baseurl }}">Timed out waiting for plugin
            to be compiled (space in path)</a>
    </h1>
    <p id="pageDescription" class="muted">Discussion in '<a href="{{ '/forums/rust-discussion.23/' | prepend: site.baseurl }}">Rust Discussion</a>' started by <a class="username"
            dir="auto">coryfowler123</a>, <a href="{{ '/threads/timed-out-waiting-for-plugin-to-be-compiled-space-in-path.24032/' | prepend: site.baseurl }}"><span class="DateTime"
                title="Feb 23, 2017 at 10:04 PM">Feb 23, 2017</span></a>.
    </p>
</div>
<ol class="messageList" id="messageList">
    <li id="post-300671" class="message" data-author="coryfowler123">
        <div class="messageUserInfo">
            <div class="messageUserBlock">
                <div class="avatarHolder">
                    <span class="helper"></span>
                    <a class="avatar Avm" data-avatarhtml="true"><img src="{{ '/assets/styles/oxide/logo.og.png' | prepend: site.baseurl }}" width="96" height="96" alt="coryfowler123" /></a>
                </div>
                <h3 class="userText">
                    <a class="username" dir="auto">coryfowler123</a>
                </h3>
                <span class="arrow"></span>
            </div>
        </div>
        <div class="messageInfo primaryContent">
            <div class="messageContent">
                <article>
                    <blockquote class="messageText SelectQuoteContainer ugc baseHtml"> I keep getting &quot;Timed out waiting for plugin to be complied&quot; every time i start my server up. I have
                        downloaded and replaced every oxide file on the server multiple times and i keep getting the error. When i log onto the server there are no plugins that are working. <div
                            class="messageTextEndMarker">&nbsp;</div>
                    </blockquote>
                </article>
            </div>
            <div class="messageMeta ToggleTriggerAnchor">
                <div class="privateControls">
                    <span class="item muted">
                        <span class="authorEnd"><a class="username author" dir="auto">coryfowler123</a>,</span>
                        <a href="{{ '/threads/timed-out-waiting-for-plugin-to-be-compiled-space-in-path.24032/' | prepend: site.baseurl }}" title="Permalink" class="datePermalink"><span
                                class="DateTime" title="Feb 23, 2017 at 10:04 PM">Feb 23, 2017</span></a>
                    </span>
                </div>
                <div class="publicControls">
                    <a href="{{ '/threads/timed-out-waiting-for-plugin-to-be-compiled-space-in-path.24032/' | prepend: site.baseurl }}" title="Permalink"
                        class="item muted postNumber hashPermalink OverlayTrigger" data-href="posts/300671/permalink">#1</a>
                </div>
            </div>
        </div>
    </li>
    <li id="post-300674" class="message staff" data-author="Wulf">
        <div class="messageUserInfo">
            <div class="messageUserBlock">
                <div class="avatarHolder">
                    <span class="helper"></span>
                    <a class="avatar Avm" data-avatarhtml="true"><img src="{{ '/assets/styles/oxide/logo.og.png' | prepend: site.baseurl }}" width="96" height="96" alt="Wulf" /></a>
                </div>
                <h3 class="userText">
                    <a class="username" dir="auto" itemprop="name">Wulf</a>
                    <em class="userBanner bannerRed wrapped" itemprop="title"><span class="before"></span><strong>Community Admin</strong><span class="after"></span></em>
                </h3>
                <span class="arrow"></span>
            </div>
        </div>
        <div class="messageInfo primaryContent">
            <div class="messageContent">
                <article>
                    <blockquote class="messageText SelectQuoteContainer ugc baseHtml"> Check your oxide/logs for errors. <div class="messageTextEndMarker">&nbsp;</div>
                    </blockquote>
                </article>
            </div>
            <div class="messageMeta ToggleTriggerAnchor">
                <div class="privateControls">
                    <span class="item muted">
                        <span class="authorEnd"><a class="username author" dir="auto">Wulf</a>,</span>
                        <a href="{{ '/threads/timed-out-waiting-for-plugin-to-be-compiled-space-in-path.24032/#post-300674' | prepend: site.baseurl }}" title="Permalink" class="datePermalink"><span
                                class="DateTime" title="Feb 23, 2017 at 10:08 PM">Feb 23, 2017</span></a>
                    </span>
                </div>
                <div class="publicControls">
                    <a href="{{ '/threads/timed-out-waiting-for-plugin-to-be-compiled-space-in-path.24032/#post-300674' | prepend: site.baseurl }}" title="Permalink"
                        class="item muted postNumber hashPermalink OverlayTrigger" data-href="posts/300674/permalink">#2</a>
                </div>
            </div>
        </div>
    </li>
    <li id="post-300679" class="message" data-author="coryfowler123">
        <div class="messageUserInfo">
            <div class="messageUserBlock">
                <div class="avatarHolder">
                    <span class="helper"></span>
                    <a class="avatar Avm" data-avatarhtml="true"><img src="{{ '/assets/styles/oxide/logo.og.png' | prepend: site.baseurl }}" width="96" height="96" alt="coryfowler123" /></a>
                </div>
                <h3 class="userText">
                    <a class="username" dir="auto">coryfowler123</a>
                </h3>
                <span class="arrow"></span>
            </div>
        </div>
        <div class="messageInfo primaryContent">
            <div class="messageContent">
                <article>
                    <blockquote class="messageText SelectQuoteContainer ugc baseHtml">
                        <div class="bbCodeBlock bbCodeQuote" data-author="Wulf">
                            <aside>
                                <div class="attribution type">Wulf said: <a href="#post-300674" class="AttributionLink">&uarr;</a>
                                </div>
                                <blockquote class="quoteContainer">
                                    <div class="quote">Check your oxide/logs for errors.</div>
                                    <div class="quoteExpand">Click to expand...</div>
                                </blockquote>
                            </aside>
                        </div>
                        <div class="bbCodeBlock bbCodeCode">
                            <div class="type">Code:</div>
                            {% raw %}<pre>16:33 [Info] Loading Oxide Core v2.0.3083...
16:33 [Info] Loading extensions...
16:33 [Info] Loaded extension CSharp v2.0.3083 by Oxide Team
16:33 [Info] Loaded extension MySql v2.0.3083 by Oxide Team
16:33 [Info] Loaded extension Python v3070.0.0 by Oxide Team
16:33 [Info] Loaded extension SQLite v2.0.3083 by Oxide Team
16:33 [Info] Loaded extension Unity v2.0.3083 by Oxide Team
16:33 [Info] Loaded extension Rust v2.0.3083 by Oxide Team
16:33 [Stacktrace] ExType: TypeInitializationException
16:33 [Error] Failed to load extension Oxide.Ext.RustIO (1) (MissingMethodException: Method not found: 'Oxide.Core.VersionNumber..ctor'.)
16:33 [Stacktrace]
16:33 [Info] Using Covalence provider for game 'Rust'
16:33 [Debug] Cleanup file: C:\Users\anabo\Desktop\Battlefield server\files\steamapps\common\rust_dedicated\CSharpCompiler.exe
16:33 [Debug] Cleanup file: C:\Users\anabo\Desktop\Battlefield server\files\steamapps\common\rust_dedicated\CSharpCompiler
16:33 [Info] Loading plugins...
16:33 [Info] Loaded plugin Unity Core v2.0.3083 by Oxide Team
16:33 [Info] Loaded plugin Rust v2.0.3083 by Oxide Team
16:33 [Stacktrace] ExType: TypeInitializationException
16:33 [Error] Failed to load plugin RustIO (MissingMethodException: Method not found: 'Oxide.Core.VersionNumber..ctor'.)
16:33 [Stacktrace]
4:33 PM [Info] Downloading CSharpCompiler.exe for .cs (C#) plugin compilation
4:33 PM [Info] Download of CSharpCompiler.exe for completed successfully
4:33 PM [Error] Exception while resolving plugin references (ArgumentException: Illegal characters in path.)
4:33 PM [Stacktrace]   at System.IO.Path.IsPathRooted (System.String path) [0x00000] in &lt;filename unknown&gt;:0
  at System.IO.Path.InsecureGetFullPath (System.String path) [0x00000] in &lt;filename unknown&gt;:0
  at System.IO.Path.GetFullPath (System.String path) [0x00000] in &lt;filename unknown&gt;:0
  at System.Diagnostics.FileVersionInfo.GetVersionInfo (System.String fileName) [0x00000] in &lt;filename unknown&gt;:0
  at Oxide.Plugins.PluginCompiler.SetCompilerVersion () [0x00000] in &lt;filename unknown&gt;:0
  at Oxide.Plugins.PluginCompiler.CheckCompiler () [0x00000] in &lt;filename unknown&gt;:0
  at Oxide.Plugins.PluginCompiler.EnqueueCompilation (Oxide.Plugins.Compilation compilation) [0x00000] in &lt;filename unknown&gt;:0
  at Oxide.Plugins.PluginCompiler+&lt;&gt;c__DisplayClass17_0.&lt;Compile&gt;b__0 () [0x00000] in &lt;filename unknown&gt;:0
  at Oxide.Plugins.Compilation+&lt;&gt;c__DisplayClass23_0.&lt;Prepare&gt;b__0 (System.Object _) [0x00000] in &lt;filename unknown&gt;:0
16:34 [Error] Timed out waiting for plugin to be compiled: AutoGrades
16:34 [Error] Timed out waiting for plugin to be compiled: AutomaticAuthorization
16:34 [Error] Timed out waiting for plugin to be compiled: AutoPurge
16:34 [Error] Timed out waiting for plugin to be compiled: BetterLoot
16:34 [Error] Timed out waiting for plugin to be compiled: BuildingOwners
16:34 [Error] Timed out waiting for plugin to be compiled: BypassQueue
16:34 [Error] Timed out waiting for plugin to be compiled: CheatReportLogger
16:34 [Error] Timed out waiting for plugin to be compiled: Clans
16:34 [Error] Timed out waiting for plugin to be compiled: CraftingController
16:34 [Error] Timed out waiting for plugin to be compiled: DeathNotes
16:34 [Error] Timed out waiting for plugin to be compiled: FancyDrop
16:34 [Error] Timed out waiting for plugin to be compiled: FireArrows
16:34 [Error] Timed out waiting for plugin to be compiled: FriendlyFire
16:34 [Error] Timed out waiting for plugin to be compiled: GatherManager
16:34 [Error] Timed out waiting for plugin to be compiled: ImageLibrary
16:34 [Error] Timed out waiting for plugin to be compiled: InfoPanel
16:34 [Error] Timed out waiting for plugin to be compiled: Kits
16:34 [Error] Timed out waiting for plugin to be compiled: NoNight
16:34 [Error] Timed out waiting for plugin to be compiled: NTeleportation
16:34 [Error] Timed out waiting for plugin to be compiled: QuickSmelt
16:34 [Error] Timed out waiting for plugin to be compiled: RGive
16:34 [Error] Timed out waiting for plugin to be compiled: RemoverTool
16:34 [Error] Timed out waiting for plugin to be compiled: RemoveAAA
16:34 [Error] Timed out waiting for plugin to be compiled: SDonate
16:34 [Error] Timed out waiting for plugin to be compiled: StackSizeController
16:34 [Error] Timed out waiting for plugin to be compiled: StorageCleaner
16:34 [Error] Timed out waiting for plugin to be compiled: TimedExecute
16:34 [Error] Timed out waiting for plugin to be compiled: Vanish
16:34 [Error] Timed out waiting for plugin to be compiled: WellFed
16:49 [Info] Loading Oxide Core v2.0.3083...
16:49 [Info] Loading extensions...
16:49 [Info] Loaded extension CSharp v2.0.3083 by Oxide Team
16:49 [Info] Loaded extension MySql v2.0.3083 by Oxide Team
16:49 [Info] Loaded extension Python v3070.0.0 by Oxide Team
16:49 [Info] Loaded extension SQLite v2.0.3083 by Oxide Team
16:49 [Info] Loaded extension Unity v2.0.3083 by Oxide Team
16:49 [Info] Loaded extension Rust v2.0.3083 by Oxide Team
16:49 [Stacktrace] ExType: TypeInitializationException
16:49 [Error] Failed to load extension Oxide.Ext.RustIO (1) (MissingMethodException: Method not found: 'Oxide.Core.VersionNumber..ctor'.)
16:49 [Stacktrace]
16:50 [Info] Using Covalence provider for game 'Rust'
16:50 [Debug] Cleanup file: C:\Users\anabo\Desktop\Battlefield server\files\steamapps\common\rust_dedicated\CSharpCompiler.exe
16:50 [Info] Loading plugins...
16:50 [Info] Loaded plugin Unity Core v2.0.3083 by Oxide Team
16:50 [Info] Loaded plugin Rust v2.0.3083 by Oxide Team
16:50 [Stacktrace] ExType: TypeInitializationException
16:50 [Error] Failed to load plugin RustIO (MissingMethodException: Method not found: 'Oxide.Core.VersionNumber..ctor'.)
16:50 [Stacktrace]
4:50 PM [Info] Downloading CSharpCompiler.exe for .cs (C#) plugin compilation
4:50 PM [Info] Download of CSharpCompiler.exe for completed successfully
4:50 PM [Error] Exception while resolving plugin references (ArgumentException: Illegal characters in path.)
4:50 PM [Stacktrace]   at System.IO.Path.IsPathRooted (System.String path) [0x00000] in &lt;filename unknown&gt;:0
  at System.IO.Path.InsecureGetFullPath (System.String path) [0x00000] in &lt;filename unknown&gt;:0
  at System.IO.Path.GetFullPath (System.String path) [0x00000] in &lt;filename unknown&gt;:0
  at System.Diagnostics.FileVersionInfo.GetVersionInfo (System.String fileName) [0x00000] in &lt;filename unknown&gt;:0
  at Oxide.Plugins.PluginCompiler.SetCompilerVersion () [0x00000] in &lt;filename unknown&gt;:0
  at Oxide.Plugins.PluginCompiler.CheckCompiler () [0x00000] in &lt;filename unknown&gt;:0
  at Oxide.Plugins.PluginCompiler.EnqueueCompilation (Oxide.Plugins.Compilation compilation) [0x00000] in &lt;filename unknown&gt;:0
  at Oxide.Plugins.PluginCompiler+&lt;&gt;c__DisplayClass17_0.&lt;Compile&gt;b__0 () [0x00000] in &lt;filename unknown&gt;:0
  at Oxide.Plugins.Compilation+&lt;&gt;c__DisplayClass23_0.&lt;Prepare&gt;b__0 (System.Object _) [0x00000] in &lt;filename unknown&gt;:0
16:51 [Error] Timed out waiting for plugin to be compiled: AutoGrades
16:51 [Error] Timed out waiting for plugin to be compiled: AutomaticAuthorization
16:51 [Error] Timed out waiting for plugin to be compiled: AutoPurge
16:51 [Error] Timed out waiting for plugin to be compiled: BetterLoot
16:51 [Error] Timed out waiting for plugin to be compiled: BuildingOwners
16:51 [Error] Timed out waiting for plugin to be compiled: BypassQueue
16:51 [Error] Timed out waiting for plugin to be compiled: CheatReportLogger
16:51 [Error] Timed out waiting for plugin to be compiled: Clans
16:51 [Error] Timed out waiting for plugin to be compiled: CraftingController
16:51 [Error] Timed out waiting for plugin to be compiled: DeathNotes
16:51 [Error] Timed out waiting for plugin to be compiled: FancyDrop
16:51 [Error] Timed out waiting for plugin to be compiled: FireArrows
16:51 [Error] Timed out waiting for plugin to be compiled: FriendlyFire
16:51 [Error] Timed out waiting for plugin to be compiled: GatherManager
16:51 [Error] Timed out waiting for plugin to be compiled: ImageLibrary
16:51 [Error] Timed out waiting for plugin to be compiled: InfoPanel
16:51 [Error] Timed out waiting for plugin to be compiled: Kits
16:51 [Error] Timed out waiting for plugin to be compiled: NoNight
16:51 [Error] Timed out waiting for plugin to be compiled: NTeleportation
16:51 [Error] Timed out waiting for plugin to be compiled: QuickSmelt
16:51 [Error] Timed out waiting for plugin to be compiled: RemoveAAA
16:51 [Error] Timed out waiting for plugin to be compiled: RemoverTool
16:51 [Error] Timed out waiting for plugin to be compiled: RGive
16:51 [Error] Timed out waiting for plugin to be compiled: SDonate
16:51 [Error] Timed out waiting for plugin to be compiled: StackSizeController
16:51 [Error] Timed out waiting for plugin to be compiled: StorageCleaner
16:51 [Error] Timed out waiting for plugin to be compiled: TimedExecute
16:51 [Error] Timed out waiting for plugin to be compiled: Vanish
16:51 [Error] Timed out waiting for plugin to be compiled: WellFed
16:53 [Info] Usage: reload *|&lt;pluginname&gt;+
16:58 [Info] Loading Oxide Core v2.0.3083...
16:58 [Info] Loading extensions...
16:58 [Info] Loaded extension CSharp v2.0.3083 by Oxide Team
16:58 [Info] Loaded extension MySql v2.0.3083 by Oxide Team
16:58 [Info] Loaded extension Python v3070.0.0 by Oxide Team
16:58 [Info] Loaded extension SQLite v2.0.3083 by Oxide Team
16:58 [Info] Loaded extension Unity v2.0.3083 by Oxide Team
16:58 [Info] Loaded extension Rust v2.0.3083 by Oxide Team
16:58 [Stacktrace] ExType: TypeInitializationException
16:58 [Error] Failed to load extension Oxide.Ext.RustIO (1) (MissingMethodException: Method not found: 'Oxide.Core.VersionNumber..ctor'.)
16:58 [Stacktrace]
16:58 [Info] Using Covalence provider for game 'Rust'
16:58 [Debug] Cleanup file: C:\Users\anabo\Desktop\Battlefield server\files\steamapps\common\rust_dedicated\CSharpCompiler.exe
16:58 [Info] Loading plugins...
16:58 [Info] Loaded plugin Unity Core v2.0.3083 by Oxide Team
16:58 [Info] Loaded plugin Rust v2.0.3083 by Oxide Team
16:58 [Stacktrace] ExType: TypeInitializationException
16:58 [Error] Failed to load plugin RustIO (MissingMethodException: Method not found: 'Oxide.Core.VersionNumber..ctor'.)
16:58 [Stacktrace]
4:58 PM [Info] Downloading CSharpCompiler.exe for .cs (C#) plugin compilation
4:58 PM [Info] Download of CSharpCompiler.exe for completed successfully
4:58 PM [Error] Exception while resolving plugin references (ArgumentException: Illegal characters in path.)
4:58 PM [Stacktrace]   at System.IO.Path.IsPathRooted (System.String path) [0x00000] in &lt;filename unknown&gt;:0
  at System.IO.Path.InsecureGetFullPath (System.String path) [0x00000] in &lt;filename unknown&gt;:0
  at System.IO.Path.GetFullPath (System.String path) [0x00000] in &lt;filename unknown&gt;:0
  at System.Diagnostics.FileVersionInfo.GetVersionInfo (System.String fileName) [0x00000] in &lt;filename unknown&gt;:0
  at Oxide.Plugins.PluginCompiler.SetCompilerVersion () [0x00000] in &lt;filename unknown&gt;:0
  at Oxide.Plugins.PluginCompiler.CheckCompiler () [0x00000] in &lt;filename unknown&gt;:0
  at Oxide.Plugins.PluginCompiler.EnqueueCompilation (Oxide.Plugins.Compilation compilation) [0x00000] in &lt;filename unknown&gt;:0
  at Oxide.Plugins.PluginCompiler+&lt;&gt;c__DisplayClass17_0.&lt;Compile&gt;b__0 () [0x00000] in &lt;filename unknown&gt;:0
  at Oxide.Plugins.Compilation+&lt;&gt;c__DisplayClass23_0.&lt;Prepare&gt;b__0 (System.Object _) [0x00000] in &lt;filename unknown&gt;:0
16:59 [Error] Timed out waiting for plugin to be compiled: AutoGrades
16:59 [Error] Timed out waiting for plugin to be compiled: AutomaticAuthorization
16:59 [Error] Timed out waiting for plugin to be compiled: AutoPurge
16:59 [Error] Timed out waiting for plugin to be compiled: BetterLoot
16:59 [Error] Timed out waiting for plugin to be compiled: BuildingOwners
16:59 [Error] Timed out waiting for plugin to be compiled: BypassQueue
16:59 [Error] Timed out waiting for plugin to be compiled: CheatReportLogger
16:59 [Error] Timed out waiting for plugin to be compiled: Clans
16:59 [Error] Timed out waiting for plugin to be compiled: CraftingController
16:59 [Error] Timed out waiting for plugin to be compiled: DeathNotes
16:59 [Error] Timed out waiting for plugin to be compiled: FancyDrop
16:59 [Error] Timed out waiting for plugin to be compiled: FireArrows
16:59 [Error] Timed out waiting for plugin to be compiled: FriendlyFire
16:59 [Error] Timed out waiting for plugin to be compiled: GatherManager
16:59 [Error] Timed out waiting for plugin to be compiled: ImageLibrary
16:59 [Error] Timed out waiting for plugin to be compiled: InfoPanel
16:59 [Error] Timed out waiting for plugin to be compiled: Kits
16:59 [Error] Timed out waiting for plugin to be compiled: NoNight
16:59 [Error] Timed out waiting for plugin to be compiled: NTeleportation
16:59 [Error] Timed out waiting for plugin to be compiled: QuickSmelt
16:59 [Error] Timed out waiting for plugin to be compiled: RemoveAAA
16:59 [Error] Timed out waiting for plugin to be compiled: RemoverTool
16:59 [Error] Timed out waiting for plugin to be compiled: RGive
16:59 [Error] Timed out waiting for plugin to be compiled: SDonate
16:59 [Error] Timed out waiting for plugin to be compiled: StackSizeController
16:59 [Error] Timed out waiting for plugin to be compiled: StorageCleaner
16:59 [Error] Timed out waiting for plugin to be compiled: TimedExecute
16:59 [Error] Timed out waiting for plugin to be compiled: Vanish
16:59 [Error] Timed out waiting for plugin to be compiled: WellFed
</pre>{% endraw %}
                        </div>
                        <div class="messageTextEndMarker">&nbsp;</div>
                    </blockquote>
                </article>
            </div>
            <div class="messageMeta ToggleTriggerAnchor">
                <div class="privateControls">
                    <span class="item muted">
                        <span class="authorEnd"><a class="username author" dir="auto">coryfowler123</a>,</span>
                        <a href="{{ '/threads/timed-out-waiting-for-plugin-to-be-compiled-space-in-path.24032/#post-300679' | prepend: site.baseurl }}" title="Permalink" class="datePermalink"><span
                                class="DateTime" title="Feb 23, 2017 at 10:11 PM">Feb 23, 2017</span></a>
                    </span>
                </div>
                <div class="publicControls">
                    <a href="{{ '/threads/timed-out-waiting-for-plugin-to-be-compiled-space-in-path.24032/#post-300679' | prepend: site.baseurl }}" title="Permalink"
                        class="item muted postNumber hashPermalink OverlayTrigger" data-href="posts/300679/permalink">#3</a>
                </div>
            </div>
        </div>
    </li>
    <li id="post-300684" class="message staff" data-author="Wulf">
        <div class="messageUserInfo">
            <div class="messageUserBlock">
                <div class="avatarHolder">
                    <span class="helper"></span>
                    <a class="avatar Avm" data-avatarhtml="true"><img src="{{ '/assets/styles/oxide/logo.og.png' | prepend: site.baseurl }}" width="96" height="96" alt="Wulf" /></a>
                </div>
                <h3 class="userText">
                    <a class="username" dir="auto" itemprop="name">Wulf</a>
                    <em class="userBanner bannerRed wrapped" itemprop="title"><span class="before"></span><strong>Community Admin</strong><span class="after"></span></em>
                </h3>
                <span class="arrow"></span>
            </div>
        </div>
        <div class="messageInfo primaryContent">
            <div class="messageContent">
                <article>
                    <blockquote class="messageText SelectQuoteContainer ugc baseHtml">
                        <div class="bbCodeBlock bbCodeQuote" data-author="coryfowler123">
                            <aside>
                                <div class="attribution type">coryfowler123 said: <a href="#post-300679" class="AttributionLink">&uarr;</a>
                                </div>
                                <blockquote class="quoteContainer">
                                    <div class="quote">
                                        <div class="bbCodeBlock bbCodeCode">
                                            <div class="type">Code:</div>
                                            {% raw %}<pre>16:33 [Info] Loading Oxide Core v2.0.3083...
16:33 [Info] Loading extensions...
16:33 [Info] Loaded extension CSharp v2.0.3083 by Oxide Team
16:33 [Info] Loaded extension MySql v2.0.3083 by Oxide Team
16:33 [Info] Loaded extension Python v3070.0.0 by Oxide Team
16:33 [Info] Loaded extension SQLite v2.0.3083 by Oxide Team
16:33 [Info] Loaded extension Unity v2.0.3083 by Oxide Team
16:33 [Info] Loaded extension Rust v2.0.3083 by Oxide Team
16:33 [Stacktrace] ExType: TypeInitializationException
16:33 [Error] Failed to load extension Oxide.Ext.RustIO (1) (MissingMethodException: Method not found: 'Oxide.Core.VersionNumber..ctor'.)
16:33 [Stacktrace]
16:33 [Info] Using Covalence provider for game 'Rust'
16:33 [Debug] Cleanup file: C:\Users\anabo\Desktop\Battlefield server\files\steamapps\common\rust_dedicated\CSharpCompiler.exe
16:33 [Debug] Cleanup file: C:\Users\anabo\Desktop\Battlefield server\files\steamapps\common\rust_dedicated\CSharpCompiler
16:33 [Info] Loading plugins...
16:33 [Info] Loaded plugin Unity Core v2.0.3083 by Oxide Team
16:33 [Info] Loaded plugin Rust v2.0.3083 by Oxide Team
16:33 [Stacktrace] ExType: TypeInitializationException
16:33 [Error] Failed to load plugin RustIO (MissingMethodException: Method not found: 'Oxide.Core.VersionNumber..ctor'.)
16:33 [Stacktrace]
4:33 PM [Info] Downloading CSharpCompiler.exe for .cs (C#) plugin compilation
4:33 PM [Info] Download of CSharpCompiler.exe for completed successfully
4:33 PM [Error] Exception while resolving plugin references (ArgumentException: Illegal characters in path.)
4:33 PM [Stacktrace]   at System.IO.Path.IsPathRooted (System.String path) [0x00000] in &lt;filename unknown&gt;:0
  at System.IO.Path.InsecureGetFullPath (System.String path) [0x00000] in &lt;filename unknown&gt;:0
  at System.IO.Path.GetFullPath (System.String path) [0x00000] in &lt;filename unknown&gt;:0
  at System.Diagnostics.FileVersionInfo.GetVersionInfo (System.String fileName) [0x00000] in &lt;filename unknown&gt;:0
  at Oxide.Plugins.PluginCompiler.SetCompilerVersion () [0x00000] in &lt;filename unknown&gt;:0
  at Oxide.Plugins.PluginCompiler.CheckCompiler () [0x00000] in &lt;filename unknown&gt;:0
  at Oxide.Plugins.PluginCompiler.EnqueueCompilation (Oxide.Plugins.Compilation compilation) [0x00000] in &lt;filename unknown&gt;:0
  at Oxide.Plugins.PluginCompiler+&lt;&gt;c__DisplayClass17_0.&lt;Compile&gt;b__0 () [0x00000] in &lt;filename unknown&gt;:0
  at Oxide.Plugins.Compilation+&lt;&gt;c__DisplayClass23_0.&lt;Prepare&gt;b__0 (System.Object _) [0x00000] in &lt;filename unknown&gt;:0
16:34 [Error] Timed out waiting for plugin to be compiled: AutoGrades
16:34 [Error] Timed out waiting for plugin to be compiled: AutomaticAuthorization
16:34 [Error] Timed out waiting for plugin to be compiled: AutoPurge
16:34 [Error] Timed out waiting for plugin to be compiled: BetterLoot
16:34 [Error] Timed out waiting for plugin to be compiled: BuildingOwners
16:34 [Error] Timed out waiting for plugin to be compiled: BypassQueue
16:34 [Error] Timed out waiting for plugin to be compiled: CheatReportLogger
16:34 [Error] Timed out waiting for plugin to be compiled: Clans
16:34 [Error] Timed out waiting for plugin to be compiled: CraftingController
16:34 [Error] Timed out waiting for plugin to be compiled: DeathNotes
16:34 [Error] Timed out waiting for plugin to be compiled: FancyDrop
16:34 [Error] Timed out waiting for plugin to be compiled: FireArrows
16:34 [Error] Timed out waiting for plugin to be compiled: FriendlyFire
16:34 [Error] Timed out waiting for plugin to be compiled: GatherManager
16:34 [Error] Timed out waiting for plugin to be compiled: ImageLibrary
16:34 [Error] Timed out waiting for plugin to be compiled: InfoPanel
16:34 [Error] Timed out waiting for plugin to be compiled: Kits
16:34 [Error] Timed out waiting for plugin to be compiled: NoNight
16:34 [Error] Timed out waiting for plugin to be compiled: NTeleportation
16:34 [Error] Timed out waiting for plugin to be compiled: QuickSmelt
16:34 [Error] Timed out waiting for plugin to be compiled: RGive
16:34 [Error] Timed out waiting for plugin to be compiled: RemoverTool
16:34 [Error] Timed out waiting for plugin to be compiled: RemoveAAA
16:34 [Error] Timed out waiting for plugin to be compiled: SDonate
16:34 [Error] Timed out waiting for plugin to be compiled: StackSizeController
16:34 [Error] Timed out waiting for plugin to be compiled: StorageCleaner
16:34 [Error] Timed out waiting for plugin to be compiled: TimedExecute
16:34 [Error] Timed out waiting for plugin to be compiled: Vanish
16:34 [Error] Timed out waiting for plugin to be compiled: WellFed
16:49 [Info] Loading Oxide Core v2.0.3083...
16:49 [Info] Loading extensions...
16:49 [Info] Loaded extension CSharp v2.0.3083 by Oxide Team
16:49 [Info] Loaded extension MySql v2.0.3083 by Oxide Team
16:49 [Info] Loaded extension Python v3070.0.0 by Oxide Team
16:49 [Info] Loaded extension SQLite v2.0.3083 by Oxide Team
16:49 [Info] Loaded extension Unity v2.0.3083 by Oxide Team
16:49 [Info] Loaded extension Rust v2.0.3083 by Oxide Team
16:49 [Stacktrace] ExType: TypeInitializationException
16:49 [Error] Failed to load extension Oxide.Ext.RustIO (1) (MissingMethodException: Method not found: 'Oxide.Core.VersionNumber..ctor'.)
16:49 [Stacktrace]
16:50 [Info] Using Covalence provider for game 'Rust'
16:50 [Debug] Cleanup file: C:\Users\anabo\Desktop\Battlefield server\files\steamapps\common\rust_dedicated\CSharpCompiler.exe
16:50 [Info] Loading plugins...
16:50 [Info] Loaded plugin Unity Core v2.0.3083 by Oxide Team
16:50 [Info] Loaded plugin Rust v2.0.3083 by Oxide Team
16:50 [Stacktrace] ExType: TypeInitializationException
16:50 [Error] Failed to load plugin RustIO (MissingMethodException: Method not found: 'Oxide.Core.VersionNumber..ctor'.)
16:50 [Stacktrace]
4:50 PM [Info] Downloading CSharpCompiler.exe for .cs (C#) plugin compilation
4:50 PM [Info] Download of CSharpCompiler.exe for completed successfully
4:50 PM [Error] Exception while resolving plugin references (ArgumentException: Illegal characters in path.)
4:50 PM [Stacktrace]   at System.IO.Path.IsPathRooted (System.String path) [0x00000] in &lt;filename unknown&gt;:0
  at System.IO.Path.InsecureGetFullPath (System.String path) [0x00000] in &lt;filename unknown&gt;:0
  at System.IO.Path.GetFullPath (System.String path) [0x00000] in &lt;filename unknown&gt;:0
  at System.Diagnostics.FileVersionInfo.GetVersionInfo (System.String fileName) [0x00000] in &lt;filename unknown&gt;:0
  at Oxide.Plugins.PluginCompiler.SetCompilerVersion () [0x00000] in &lt;filename unknown&gt;:0
  at Oxide.Plugins.PluginCompiler.CheckCompiler () [0x00000] in &lt;filename unknown&gt;:0
  at Oxide.Plugins.PluginCompiler.EnqueueCompilation (Oxide.Plugins.Compilation compilation) [0x00000] in &lt;filename unknown&gt;:0
  at Oxide.Plugins.PluginCompiler+&lt;&gt;c__DisplayClass17_0.&lt;Compile&gt;b__0 () [0x00000] in &lt;filename unknown&gt;:0
  at Oxide.Plugins.Compilation+&lt;&gt;c__DisplayClass23_0.&lt;Prepare&gt;b__0 (System.Object _) [0x00000] in &lt;filename unknown&gt;:0
16:51 [Error] Timed out waiting for plugin to be compiled: AutoGrades
16:51 [Error] Timed out waiting for plugin to be compiled: AutomaticAuthorization
16:51 [Error] Timed out waiting for plugin to be compiled: AutoPurge
16:51 [Error] Timed out waiting for plugin to be compiled: BetterLoot
16:51 [Error] Timed out waiting for plugin to be compiled: BuildingOwners
16:51 [Error] Timed out waiting for plugin to be compiled: BypassQueue
16:51 [Error] Timed out waiting for plugin to be compiled: CheatReportLogger
16:51 [Error] Timed out waiting for plugin to be compiled: Clans
16:51 [Error] Timed out waiting for plugin to be compiled: CraftingController
16:51 [Error] Timed out waiting for plugin to be compiled: DeathNotes
16:51 [Error] Timed out waiting for plugin to be compiled: FancyDrop
16:51 [Error] Timed out waiting for plugin to be compiled: FireArrows
16:51 [Error] Timed out waiting for plugin to be compiled: FriendlyFire
16:51 [Error] Timed out waiting for plugin to be compiled: GatherManager
16:51 [Error] Timed out waiting for plugin to be compiled: ImageLibrary
16:51 [Error] Timed out waiting for plugin to be compiled: InfoPanel
16:51 [Error] Timed out waiting for plugin to be compiled: Kits
16:51 [Error] Timed out waiting for plugin to be compiled: NoNight
16:51 [Error] Timed out waiting for plugin to be compiled: NTeleportation
16:51 [Error] Timed out waiting for plugin to be compiled: QuickSmelt
16:51 [Error] Timed out waiting for plugin to be compiled: RemoveAAA
16:51 [Error] Timed out waiting for plugin to be compiled: RemoverTool
16:51 [Error] Timed out waiting for plugin to be compiled: RGive
16:51 [Error] Timed out waiting for plugin to be compiled: SDonate
16:51 [Error] Timed out waiting for plugin to be compiled: StackSizeController
16:51 [Error] Timed out waiting for plugin to be compiled: StorageCleaner
16:51 [Error] Timed out waiting for plugin to be compiled: TimedExecute
16:51 [Error] Timed out waiting for plugin to be compiled: Vanish
16:51 [Error] Timed out waiting for plugin to be compiled: WellFed
16:53 [Info] Usage: reload *|&lt;pluginname&gt;+
16:58 [Info] Loading Oxide Core v2.0.3083...
16:58 [Info] Loading extensions...
16:58 [Info] Loaded extension CSharp v2.0.3083 by Oxide Team
16:58 [Info] Loaded extension MySql v2.0.3083 by Oxide Team
16:58 [Info] Loaded extension Python v3070.0.0 by Oxide Team
16:58 [Info] Loaded extension SQLite v2.0.3083 by Oxide Team
16:58 [Info] Loaded extension Unity v2.0.3083 by Oxide Team
16:58 [Info] Loaded extension Rust v2.0.3083 by Oxide Team
16:58 [Stacktrace] ExType: TypeInitializationException
16:58 [Error] Failed to load extension Oxide.Ext.RustIO (1) (MissingMethodException: Method not found: 'Oxide.Core.VersionNumber..ctor'.)
16:58 [Stacktrace]
16:58 [Info] Using Covalence provider for game 'Rust'
16:58 [Debug] Cleanup file: C:\Users\anabo\Desktop\Battlefield server\files\steamapps\common\rust_dedicated\CSharpCompiler.exe
16:58 [Info] Loading plugins...
16:58 [Info] Loaded plugin Unity Core v2.0.3083 by Oxide Team
16:58 [Info] Loaded plugin Rust v2.0.3083 by Oxide Team
16:58 [Stacktrace] ExType: TypeInitializationException
16:58 [Error] Failed to load plugin RustIO (MissingMethodException: Method not found: 'Oxide.Core.VersionNumber..ctor'.)
16:58 [Stacktrace]
4:58 PM [Info] Downloading CSharpCompiler.exe for .cs (C#) plugin compilation
4:58 PM [Info] Download of CSharpCompiler.exe for completed successfully
4:58 PM [Error] Exception while resolving plugin references (ArgumentException: Illegal characters in path.)
4:58 PM [Stacktrace]   at System.IO.Path.IsPathRooted (System.String path) [0x00000] in &lt;filename unknown&gt;:0
  at System.IO.Path.InsecureGetFullPath (System.String path) [0x00000] in &lt;filename unknown&gt;:0
  at System.IO.Path.GetFullPath (System.String path) [0x00000] in &lt;filename unknown&gt;:0
  at System.Diagnostics.FileVersionInfo.GetVersionInfo (System.String fileName) [0x00000] in &lt;filename unknown&gt;:0
  at Oxide.Plugins.PluginCompiler.SetCompilerVersion () [0x00000] in &lt;filename unknown&gt;:0
  at Oxide.Plugins.PluginCompiler.CheckCompiler () [0x00000] in &lt;filename unknown&gt;:0
  at Oxide.Plugins.PluginCompiler.EnqueueCompilation (Oxide.Plugins.Compilation compilation) [0x00000] in &lt;filename unknown&gt;:0
  at Oxide.Plugins.PluginCompiler+&lt;&gt;c__DisplayClass17_0.&lt;Compile&gt;b__0 () [0x00000] in &lt;filename unknown&gt;:0
  at Oxide.Plugins.Compilation+&lt;&gt;c__DisplayClass23_0.&lt;Prepare&gt;b__0 (System.Object _) [0x00000] in &lt;filename unknown&gt;:0
16:59 [Error] Timed out waiting for plugin to be compiled: AutoGrades
16:59 [Error] Timed out waiting for plugin to be compiled: AutomaticAuthorization
16:59 [Error] Timed out waiting for plugin to be compiled: AutoPurge
16:59 [Error] Timed out waiting for plugin to be compiled: BetterLoot
16:59 [Error] Timed out waiting for plugin to be compiled: BuildingOwners
16:59 [Error] Timed out waiting for plugin to be compiled: BypassQueue
16:59 [Error] Timed out waiting for plugin to be compiled: CheatReportLogger
16:59 [Error] Timed out waiting for plugin to be compiled: Clans
16:59 [Error] Timed out waiting for plugin to be compiled: CraftingController
16:59 [Error] Timed out waiting for plugin to be compiled: DeathNotes
16:59 [Error] Timed out waiting for plugin to be compiled: FancyDrop
16:59 [Error] Timed out waiting for plugin to be compiled: FireArrows
16:59 [Error] Timed out waiting for plugin to be compiled: FriendlyFire
16:59 [Error] Timed out waiting for plugin to be compiled: GatherManager
16:59 [Error] Timed out waiting for plugin to be compiled: ImageLibrary
16:59 [Error] Timed out waiting for plugin to be compiled: InfoPanel
16:59 [Error] Timed out waiting for plugin to be compiled: Kits
16:59 [Error] Timed out waiting for plugin to be compiled: NoNight
16:59 [Error] Timed out waiting for plugin to be compiled: NTeleportation
16:59 [Error] Timed out waiting for plugin to be compiled: QuickSmelt
16:59 [Error] Timed out waiting for plugin to be compiled: RemoveAAA
16:59 [Error] Timed out waiting for plugin to be compiled: RemoverTool
16:59 [Error] Timed out waiting for plugin to be compiled: RGive
16:59 [Error] Timed out waiting for plugin to be compiled: SDonate
16:59 [Error] Timed out waiting for plugin to be compiled: StackSizeController
16:59 [Error] Timed out waiting for plugin to be compiled: StorageCleaner
16:59 [Error] Timed out waiting for plugin to be compiled: TimedExecute
16:59 [Error] Timed out waiting for plugin to be compiled: Vanish
16:59 [Error] Timed out waiting for plugin to be compiled: WellFed
</pre>{% endraw %}
                                        </div>
                                    </div>
                                    <div class="quoteExpand">Click to expand...</div>
                                </blockquote>
                            </aside>
                        </div>The error is due to the space in your server path: &quot;Battlefield server&quot;. Remove the space and it will work fine. Working on a fix for that in an upcoming build.
                        <div class="messageTextEndMarker">&nbsp;</div>
                    </blockquote>
                </article>
            </div>
            <div class="messageMeta ToggleTriggerAnchor">
                <div class="privateControls">
                    <span class="item muted">
                        <span class="authorEnd"><a class="username author" dir="auto">Wulf</a>,</span>
                        <a href="{{ '/threads/timed-out-waiting-for-plugin-to-be-compiled-space-in-path.24032/#post-300684' | prepend: site.baseurl }}" title="Permalink" class="datePermalink"><span
                                class="DateTime" title="Feb 23, 2017 at 10:12 PM">Feb 23, 2017</span></a>
                    </span>
                </div>
                <div class="publicControls">
                    <a href="{{ '/threads/timed-out-waiting-for-plugin-to-be-compiled-space-in-path.24032/#post-300684' | prepend: site.baseurl }}" title="Permalink"
                        class="item muted postNumber hashPermalink OverlayTrigger" data-href="posts/300684/permalink">#4</a>
                </div>
            </div>
        </div>
    </li>
    <li id="post-300689" class="message" data-author="coryfowler123">
        <div class="messageUserInfo">
            <div class="messageUserBlock">
                <div class="avatarHolder">
                    <span class="helper"></span>
                    <a class="avatar Avm" data-avatarhtml="true"><img src="{{ '/assets/styles/oxide/logo.og.png' | prepend: site.baseurl }}" width="96" height="96" alt="coryfowler123" /></a>
                </div>
                <h3 class="userText">
                    <a class="username" dir="auto">coryfowler123</a>
                </h3>
                <span class="arrow"></span>
            </div>
        </div>
        <div class="messageInfo primaryContent">
            <div class="messageContent">
                <article>
                    <blockquote class="messageText SelectQuoteContainer ugc baseHtml">
                        <div class="bbCodeBlock bbCodeQuote" data-author="Wulf">
                            <aside>
                                <div class="attribution type">Wulf said: <a href="#post-300684" class="AttributionLink">&uarr;</a>
                                </div>
                                <blockquote class="quoteContainer">
                                    <div class="quote">The error is due to the space in your server path: &quot;Battlefield server&quot;. Remove the space and it will work fine. Working on a fix for
                                        that in an upcoming build.</div>
                                    <div class="quoteExpand">Click to expand...</div>
                                </blockquote>
                            </aside>
                        </div>Awesome Thanks! Changed it and its all good now. <div class="messageTextEndMarker">&nbsp;</div>
                    </blockquote>
                </article>
            </div>
            <div class="messageMeta ToggleTriggerAnchor">
                <div class="privateControls">
                    <span class="item muted">
                        <span class="authorEnd"><a class="username author" dir="auto">coryfowler123</a>,</span>
                        <a href="{{ '/threads/timed-out-waiting-for-plugin-to-be-compiled-space-in-path.24032/#post-300689' | prepend: site.baseurl }}" title="Permalink" class="datePermalink"><span
                                class="DateTime" title="Feb 23, 2017 at 10:17 PM">Feb 23, 2017</span></a>
                    </span>
                </div>
                <div class="publicControls">
                    <a href="{{ '/threads/timed-out-waiting-for-plugin-to-be-compiled-space-in-path.24032/#post-300689' | prepend: site.baseurl }}" title="Permalink"
                        class="item muted postNumber hashPermalink OverlayTrigger" data-href="posts/300689/permalink">#5</a>
                </div>
            </div>
        </div>
    </li>
    <li id="post-300785" class="message" data-author="lmzorro">
        <div class="messageUserInfo">
            <div class="messageUserBlock">
                <div class="avatarHolder">
                    <span class="helper"></span>
                    <a class="avatar Avm" data-avatarhtml="true"><img src="{{ '/assets/styles/oxide/logo.og.png' | prepend: site.baseurl }}" width="96" height="96" alt="lmzorro" /></a>
                </div>
                <h3 class="userText">
                    <a class="username" dir="auto">lmzorro</a>
                </h3>
                <span class="arrow"></span>
            </div>
        </div>
        <div class="messageInfo primaryContent">
            <div class="messageContent">
                <article>
                    <blockquote class="messageText SelectQuoteContainer ugc baseHtml"> Why i update my sever all the plugin can&#039;t reload <div class="messageTextEndMarker">&nbsp;</div>
                    </blockquote>
                </article>
                <div class="attachedFiles">
                    <h4 class="attachedFilesHeader">Attached Files:</h4>
                    <ul class="attachmentList SquareThumbs" data-thumb-height="50" data-thumb-selector="div.thumbnail > a">
                        <li class="attachment image" title="Screenshot_20170224-075927_01.png">
                            <div class="boxModelFixer primaryContent">
                                <div class="thumbnail">
                                    <a href="attachments/screenshot_20170224-075927_01-png.34075/" target="_blank" class="LbTrigger" data-href="misc/lightbox"><img
                                            src="data/attachments/34/34076-c0d035c55fb861de5df1ce60712b3a9e.jpg" alt="Screenshot_20170224-075927_01.png" class="LbImage" /></a>
                                </div>
                                <div class="attachmentInfo pairsJustified">
                                    <h6 class="filename"><a href="attachments/screenshot_20170224-075927_01-png.34075/" target="_blank">Screenshot_20170224-075927_01.png</a></h6>
                                    <dl>
                                        <dt>File size:</dt>
                                        <dd>139 KB</dd>
                                    </dl>
                                    <dl>
                                        <dt>Views:</dt>
                                        <dd>69</dd>
                                    </dl>
                                </div>
                            </div>
                        </li>
                    </ul>
                </div>
            </div>
            <div class="messageMeta ToggleTriggerAnchor">
                <div class="privateControls">
                    <span class="item muted">
                        <span class="authorEnd"><a class="username author" dir="auto">lmzorro</a>,</span>
                        <a href="{{ '/threads/timed-out-waiting-for-plugin-to-be-compiled-space-in-path.24032/#post-300785' | prepend: site.baseurl }}" title="Permalink" class="datePermalink"><span
                                class="DateTime" title="Feb 24, 2017 at 12:11 AM">Feb 24, 2017</span></a>
                    </span>
                </div>
                <div class="publicControls">
                    <a href="{{ '/threads/timed-out-waiting-for-plugin-to-be-compiled-space-in-path.24032/#post-300785' | prepend: site.baseurl }}" title="Permalink"
                        class="item muted postNumber hashPermalink OverlayTrigger" data-href="posts/300785/permalink">#6</a>
                </div>
            </div>
        </div>
    </li>
</ol>
